[19:36:07] [Server thread/INFO]: Starting minecraft server version 1.12.2
[19:36:07] [Server thread/INFO]: Loading properties
[19:36:07] [Server thread/INFO]: Default game type: CREATIVE
[19:36:07] [Server thread/INFO]: This server is running CraftBukkit version git-Spigot-c3093ef-7e94e65 (MC: 1.12.2) (Implementing API version 1.12.2-R0.1-SNAPSHOT)
[19:36:07] [Server thread/INFO]: Server Ping Player Sample Count: 12
[19:36:07] [Server thread/INFO]: Using 4 threads for Netty based IO
[19:36:07] [Server thread/INFO]: Debug logging is disabled
[19:36:07] [Server thread/INFO]: Generating keypair
[19:36:08] [Server thread/INFO]: Starting Minecraft server on *:10000
[19:36:08] [Server thread/INFO]: Using epoll channel type
[19:36:08] [Server thread/INFO]: Set PluginClassLoader as parallel capable
[19:36:08] [Server thread/INFO]: [PowerBall] Loading PowerBall v1.0.0
[19:36:08] [Server thread/INFO]: **** Beginning UUID conversion, this may take A LONG time ****
[19:36:08] [Server thread/INFO]: Preparing level "JamCity"
[19:36:08] [Server thread/INFO]: -------- World Settings For [JamCity] --------
[19:36:08] [Server thread/INFO]: Structure Info Saving: true
[19:36:08] [Server thread/INFO]: Custom Map Seeds:  Village: 10387312 Feature: 14357617 Monument: 10387313 Slime: 987234911
[19:36:08] [Server thread/INFO]: Max TNT Explosions: 100
[19:36:08] [Server thread/INFO]: Tile Max Tick Time: 50ms Entity max Tick Time: 50ms
[19:36:08] [Server thread/INFO]: Mob Spawn Range: 4
[19:36:08] [Server thread/INFO]: Cactus Growth Modifier: 100%
[19:36:08] [Server thread/INFO]: Cane Growth Modifier: 100%
[19:36:08] [Server thread/INFO]: Melon Growth Modifier: 100%
[19:36:08] [Server thread/INFO]: Mushroom Growth Modifier: 100%
[19:36:08] [Server thread/INFO]: Pumpkin Growth Modifier: 100%
[19:36:08] [Server thread/INFO]: Sapling Growth Modifier: 100%
[19:36:08] [Server thread/INFO]: Wheat Growth Modifier: 100%
[19:36:08] [Server thread/INFO]: NetherWart Growth Modifier: 100%
[19:36:08] [Server thread/INFO]: Vine Growth Modifier: 100%
[19:36:08] [Server thread/INFO]: Cocoa Growth Modifier: 100%
[19:36:08] [Server thread/INFO]: Entity Activation Range: An 32 / Mo 32 / Mi 16
[19:36:08] [Server thread/INFO]: Entity Tracking Range: Pl 48 / An 48 / Mo 48 / Mi 32 / Other 64
[19:36:08] [Server thread/INFO]: Hopper Transfer: 8 Hopper Check: 1 Hopper Amount: 1
[19:36:08] [Server thread/INFO]: Random Lighting Updates: false
[19:36:08] [Server thread/INFO]: Item Despawn Rate: 6000
[19:36:08] [Server thread/INFO]: Item Merge Radius: 2.5
[19:36:08] [Server thread/INFO]: Arrow Despawn Rate: 1200
[19:36:08] [Server thread/INFO]: Allow Zombie Pigmen to spawn from portal blocks: true
[19:36:08] [Server thread/INFO]: View Distance: 10
[19:36:08] [Server thread/INFO]: Experience Merge Radius: 3.0
[19:36:08] [Server thread/INFO]: Zombie Aggressive Towards Villager: true
[19:36:08] [Server thread/INFO]: Nerfing mobs spawned from spawners: false
[19:36:08] [Server thread/INFO]: -------- World Settings For [JamCity_nether] --------
[19:36:08] [Server thread/INFO]: Structure Info Saving: true
[19:36:08] [Server thread/INFO]: Custom Map Seeds:  Village: 10387312 Feature: 14357617 Monument: 10387313 Slime: 987234911
[19:36:08] [Server thread/INFO]: Max TNT Explosions: 100
[19:36:08] [Server thread/INFO]: Tile Max Tick Time: 50ms Entity max Tick Time: 50ms
[19:36:08] [Server thread/INFO]: Mob Spawn Range: 4
[19:36:08] [Server thread/INFO]: Cactus Growth Modifier: 100%
[19:36:08] [Server thread/INFO]: Cane Growth Modifier: 100%
[19:36:08] [Server thread/INFO]: Melon Growth Modifier: 100%
[19:36:08] [Server thread/INFO]: Mushroom Growth Modifier: 100%
[19:36:08] [Server thread/INFO]: Pumpkin Growth Modifier: 100%
[19:36:08] [Server thread/INFO]: Sapling Growth Modifier: 100%
[19:36:08] [Server thread/INFO]: Wheat Growth Modifier: 100%
[19:36:08] [Server thread/INFO]: NetherWart Growth Modifier: 100%
[19:36:08] [Server thread/INFO]: Vine Growth Modifier: 100%
[19:36:08] [Server thread/INFO]: Cocoa Growth Modifier: 100%
[19:36:08] [Server thread/INFO]: Entity Activation Range: An 32 / Mo 32 / Mi 16
[19:36:08] [Server thread/INFO]: Entity Tracking Range: Pl 48 / An 48 / Mo 48 / Mi 32 / Other 64
[19:36:08] [Server thread/INFO]: Hopper Transfer: 8 Hopper Check: 1 Hopper Amount: 1
[19:36:08] [Server thread/INFO]: Random Lighting Updates: false
[19:36:08] [Server thread/INFO]: Item Despawn Rate: 6000
[19:36:08] [Server thread/INFO]: Item Merge Radius: 2.5
[19:36:08] [Server thread/INFO]: Arrow Despawn Rate: 1200
[19:36:08] [Server thread/INFO]: Allow Zombie Pigmen to spawn from portal blocks: true
[19:36:08] [Server thread/INFO]: View Distance: 10
[19:36:08] [Server thread/INFO]: Experience Merge Radius: 3.0
[19:36:08] [Server thread/INFO]: Zombie Aggressive Towards Villager: true
[19:36:08] [Server thread/INFO]: Nerfing mobs spawned from spawners: false
[19:36:08] [Server thread/INFO]: -------- World Settings For [JamCity_the_end] --------
[19:36:08] [Server thread/INFO]: Structure Info Saving: true
[19:36:08] [Server thread/INFO]: Custom Map Seeds:  Village: 10387312 Feature: 14357617 Monument: 10387313 Slime: 987234911
[19:36:08] [Server thread/INFO]: Max TNT Explosions: 100
[19:36:08] [Server thread/INFO]: Tile Max Tick Time: 50ms Entity max Tick Time: 50ms
[19:36:08] [Server thread/INFO]: Mob Spawn Range: 4
[19:36:08] [Server thread/INFO]: Cactus Growth Modifier: 100%
[19:36:08] [Server thread/INFO]: Cane Growth Modifier: 100%
[19:36:08] [Server thread/INFO]: Melon Growth Modifier: 100%
[19:36:08] [Server thread/INFO]: Mushroom Growth Modifier: 100%
[19:36:08] [Server thread/INFO]: Pumpkin Growth Modifier: 100%
[19:36:08] [Server thread/INFO]: Sapling Growth Modifier: 100%
[19:36:08] [Server thread/INFO]: Wheat Growth Modifier: 100%
[19:36:08] [Server thread/INFO]: NetherWart Growth Modifier: 100%
[19:36:08] [Server thread/INFO]: Vine Growth Modifier: 100%
[19:36:08] [Server thread/INFO]: Cocoa Growth Modifier: 100%
[19:36:08] [Server thread/INFO]: Entity Activation Range: An 32 / Mo 32 / Mi 16
[19:36:08] [Server thread/INFO]: Entity Tracking Range: Pl 48 / An 48 / Mo 48 / Mi 32 / Other 64
[19:36:08] [Server thread/INFO]: Hopper Transfer: 8 Hopper Check: 1 Hopper Amount: 1
[19:36:08] [Server thread/INFO]: Random Lighting Updates: false
[19:36:08] [Server thread/INFO]: Item Despawn Rate: 6000
[19:36:08] [Server thread/INFO]: Item Merge Radius: 2.5
[19:36:08] [Server thread/INFO]: Arrow Despawn Rate: 1200
[19:36:08] [Server thread/INFO]: Allow Zombie Pigmen to spawn from portal blocks: true
[19:36:08] [Server thread/INFO]: View Distance: 10
[19:36:08] [Server thread/INFO]: Experience Merge Radius: 3.0
[19:36:08] [Server thread/INFO]: Zombie Aggressive Towards Villager: true
[19:36:08] [Server thread/INFO]: Nerfing mobs spawned from spawners: false
[19:36:09] [Server thread/INFO]: Preparing start region for level 0 (Seed: -2338623161634607273)
[19:36:09] [Server thread/INFO]: Preparing start region for level 1 (Seed: -2338623161634607273)
[19:36:10] [Server thread/INFO]: Preparing spawn area: 81%
[19:36:10] [Server thread/INFO]: Preparing start region for level 2 (Seed: -2338623161634607273)
[19:36:10] [Server thread/INFO]: [PowerBall] Enabling PowerBall v1.0.0
[19:36:10] [Server thread/INFO]: Server permissions file permissions.yml is empty, ignoring it
[19:36:10] [Server thread/INFO]: Done (2.473s)! For help, type "help" or "?"
[19:37:58] [User Authenticator #1/INFO]: UUID of player FireDragonZone is 5540a1a2-880e-4f9a-86ca-b8a64b0a4467
[19:37:59] [Server thread/INFO]: FireDragonZone[/192.168.0.31:52334] logged in with entity id 13 at ([JamCity]9.88191026335809, 67.8138118062313, 0.49677560383984143)
[19:38:10] [Server thread/INFO]: FireDragonZone issued server command: /startgame
[19:38:10] [Server thread/INFO]: Game is staring![m
[19:38:10] [Server thread/INFO]: 10 seconds left[m
[19:38:11] [Server thread/INFO]: 9 seconds left[m
[19:38:12] [Server thread/INFO]: 8 seconds left[m
[19:38:13] [Server thread/INFO]: 7 seconds left[m
[19:38:14] [Server thread/INFO]: 6 seconds left[m
[19:38:15] [Server thread/INFO]: 5 seconds left[m
[19:38:16] [Server thread/INFO]: 4 seconds left[m
[19:38:17] [Server thread/INFO]: 3 seconds left[m
[19:38:18] [Server thread/INFO]: 2 seconds left[m
[19:38:19] [Server thread/INFO]: 1 seconds left[m
[19:39:27] [Server thread/INFO]: FireDragonZone issued server command: /stop
[19:39:27] [Server thread/INFO]: [FireDragonZone: Stopping the server]
[19:39:27] [Server thread/INFO]: Stopping server
[19:39:27] [Server thread/INFO]: [PowerBall] Disabling PowerBall v1.0.0
[19:39:27] [Server thread/INFO]: Saving players
[19:39:27] [Server thread/INFO]: FireDragonZone lost connection: Server closed
[19:39:27] [Server thread/INFO]: FireDragonZone left the game
[19:39:27] [Server thread/INFO]: Saving worlds
[19:39:27] [Server thread/INFO]: Saving chunks for level 'JamCity'/overworld
[19:39:27] [Server thread/INFO]: Saving chunks for level 'JamCity_nether'/the_nether
[19:39:27] [Server thread/INFO]: Saving chunks for level 'JamCity_the_end'/the_end
